<!DOCTYPE html PUBLIC "-//W3C//DTD XHTML 1.1//EN" "http://www.w3.org/TR/xhtml11/DTD/xhtml11.dtd">
<html xmlns="http://www.w3.org/1999/xhtml">
<head>
<meta http-equiv="content-type" content="text/html; charset=UTF-8"/>
<title>TestNG Report</title>
<style type="text/css">table {margin-bottom:10px;border-collapse:collapse;empty-cells:show}th,td {border:1px solid #009;padding:.25em .5em}th {vertical-align:bottom}td {vertical-align:top}table a {font-weight:bold}.stripe td {background-color: #E6EBF9}.num {text-align:right}.passedodd td {background-color: #3F3}.passedeven td {background-color: #0A0}.skippedodd td {background-color: #DDD}.skippedeven td {background-color: #CCC}.failedodd td,.attn {background-color: #F33}.failedeven td,.stripe .attn {background-color: #D00}.stacktrace {white-space:pre;font-family:monospace}.totop {font-size:85%;text-align:center;border-bottom:2px solid #000}.invisible {display:none}</style>
</head>
<body>
<table>
<tr><th>Test</th><th># Passed</th><th># Skipped</th><th># Failed</th><th>Time (ms)</th><th>Included Groups</th><th>Excluded Groups</th></tr>
<tr><th colspan="7">Suite curso Automatizacion</th></tr>
<tr><td><a href="#t0">Pruebas Selenium Daniela Bascu単an</a></td><td class="num">7</td><td class="num">0</td><td class="num attn">1</td><td class="num">196.660</td><td></td><td></td></tr>
</table>
<table id='summary'><thead><tr><th>Class</th><th>Method</th><th>Start</th><th>Time (ms)</th></tr></thead><tbody><tr><th colspan="4">Suite curso Automatizacion</th></tr></tbody><tbody id="t0"><tr><th colspan="4">Pruebas Selenium Daniela Bascu単an &#8212; failed</th></tr><tr class="failedeven"><td rowspan="1">tests.Tests</td><td><a href="#m0">CP_02_Validar_Registro_Usuario</a></td><td rowspan="1">1625196141204</td><td rowspan="1">34812</td></tr><tr><th colspan="4">Pruebas Selenium Daniela Bascu単an &#8212; passed</th></tr><tr class="passedeven"><td rowspan="7">tests.Tests</td><td><a href="#m1">CP_01_ValidarIngresoLoginFallido</a></td><td rowspan="1">1625196129482</td><td rowspan="1">8158</td></tr><tr class="passedeven"><td><a href="#m2">CP_03_Validar_Registro_Usuario_Existente</a></td><td rowspan="1">1625196178712</td><td rowspan="1">6951</td></tr><tr class="passedeven"><td><a href="#m3">CP_04_Validar_LoginExitoso</a></td><td rowspan="1">1625196188192</td><td rowspan="1">10184</td></tr><tr class="passedeven"><td><a href="#m4">CP_05_Validar_Cierre_Sesion</a></td><td rowspan="1">1625196201080</td><td rowspan="1">13761</td></tr><tr class="passedeven"><td><a href="#m5">CP_06_Buscar_Productos</a></td><td rowspan="1">1625196217338</td><td rowspan="1">17629</td></tr><tr class="passedeven"><td><a href="#m6">CP_07_Buscar_Producto_Agregar_a_Carrito</a></td><td rowspan="1">1625196237515</td><td rowspan="1">24228</td></tr><tr class="passedeven"><td><a href="#m7">CP_08_Eliminar_Item_Carrito_Compras</a></td><td rowspan="1">1625196264950</td><td rowspan="1">29365</td></tr></tbody>
</table>
<h2>Pruebas Selenium Daniela Bascu単an</h2><h3 id="m0">tests.Tests#CP_02_Validar_Registro_Usuario</h3><table class="result"><tr><th>Exception</th></tr><tr><td><div class="stacktrace">org.openqa.selenium.TimeoutException: Expected condition failed: waiting for presence of element located by: By.id: name (tried for 30 second(s) with 500 milliseconds interval)
	at org.openqa.selenium.support.ui.WebDriverWait.timeoutException(WebDriverWait.java:95)
	at org.openqa.selenium.support.ui.FluentWait.until(FluentWait.java:272)
	at utilidades.ClaseBase.esperaExplicita(ClaseBase.java:144)
	at pages.FormularioRegistroPage.registroFormulario(FormularioRegistroPage.java:20)
	at tests.Tests.CP_02_Validar_Registro_Usuario(Tests.java:89)
Caused by: org.openqa.selenium.NoSuchElementException: Unable to locate element: #name
For documentation on this error, please visit: https://www.seleniumhq.org/exceptions/no_such_element.html
Build info: version: &apos;3.141.59&apos;, revision: &apos;e82be7d358&apos;, time: &apos;2018-11-14T08:17:03&apos;
System info: host: &apos;CL-NB-716&apos;, ip: &apos;10.208.164.104&apos;, os.name: &apos;Windows 10&apos;, os.arch: &apos;amd64&apos;, os.version: &apos;10.0&apos;, java.version: &apos;15.0.2&apos;
Driver info: org.openqa.selenium.firefox.FirefoxDriver
Capabilities {acceptInsecureCerts: true, browserName: firefox, browserVersion: 89.0.2, javascriptEnabled: true, moz:accessibilityChecks: false, moz:buildID: 20210622155641, moz:geckodriverVersion: 0.29.1, moz:headless: false, moz:processID: 16208, moz:profile: C:\Users\Daniela.Bascunan\A..., moz:shutdownTimeout: 60000, moz:useNonSpecCompliantPointerOrigin: false, moz:webdriverClick: true, pageLoadStrategy: normal, platform: WINDOWS, platformName: WINDOWS, platformVersion: 10.0, setWindowRect: true, strictFileInteractability: false, timeouts: {implicit: 0, pageLoad: 300000, script: 30000}, unhandledPromptBehavior: dismiss and notify}
Session ID: d8accc1f-e193-429c-b367-36aa71744284
*** Element info: {Using=id, value=name}
	at org.openqa.selenium.remote.http.W3CHttpResponseCodec.createException(W3CHttpResponseCodec.java:187)
	at org.openqa.selenium.remote.http.W3CHttpResponseCodec.decode(W3CHttpResponseCodec.java:122)
	at org.openqa.selenium.remote.http.W3CHttpResponseCodec.decode(W3CHttpResponseCodec.java:49)
	at org.openqa.selenium.remote.HttpCommandExecutor.execute(HttpCommandExecutor.java:158)
	at org.openqa.selenium.remote.service.DriverCommandExecutor.execute(DriverCommandExecutor.java:83)
	at org.openqa.selenium.remote.RemoteWebDriver.execute(RemoteWebDriver.java:552)
	at org.openqa.selenium.remote.RemoteWebDriver.findElement(RemoteWebDriver.java:323)
	at org.openqa.selenium.remote.RemoteWebDriver.findElementById(RemoteWebDriver.java:372)
	at org.openqa.selenium.By$ById.findElement(By.java:188)
	at org.openqa.selenium.remote.RemoteWebDriver.findElement(RemoteWebDriver.java:315)
	at org.openqa.selenium.support.ui.ExpectedConditions$6.apply(ExpectedConditions.java:182)
	at org.openqa.selenium.support.ui.ExpectedConditions$6.apply(ExpectedConditions.java:179)
	at org.openqa.selenium.support.ui.FluentWait.until(FluentWait.java:249)
	... 28 more
... Removed 29 stack frames</div></td></tr></table><p class="totop"><a href="#summary">back to summary</a></p>
<h3 id="m1">tests.Tests#CP_01_ValidarIngresoLoginFallido</h3><table class="result"><tr><th class="invisible"/></tr></table><p class="totop"><a href="#summary">back to summary</a></p>
<h3 id="m2">tests.Tests#CP_03_Validar_Registro_Usuario_Existente</h3><table class="result"><tr><th class="invisible"/></tr></table><p class="totop"><a href="#summary">back to summary</a></p>
<h3 id="m3">tests.Tests#CP_04_Validar_LoginExitoso</h3><table class="result"><tr><th class="invisible"/></tr></table><p class="totop"><a href="#summary">back to summary</a></p>
<h3 id="m4">tests.Tests#CP_05_Validar_Cierre_Sesion</h3><table class="result"><tr><th class="invisible"/></tr></table><p class="totop"><a href="#summary">back to summary</a></p>
<h3 id="m5">tests.Tests#CP_06_Buscar_Productos</h3><table class="result"><tr><th class="invisible"/></tr></table><p class="totop"><a href="#summary">back to summary</a></p>
<h3 id="m6">tests.Tests#CP_07_Buscar_Producto_Agregar_a_Carrito</h3><table class="result"><tr><th class="invisible"/></tr></table><p class="totop"><a href="#summary">back to summary</a></p>
<h3 id="m7">tests.Tests#CP_08_Eliminar_Item_Carrito_Compras</h3><table class="result"><tr><th class="invisible"/></tr></table><p class="totop"><a href="#summary">back to summary</a></p>
</body>
</html>
