<?xml version="1.0" encoding="UTF-8"?>
<!-- Generated by org.testng.reporters.JUnitXMLReporter -->
<testsuite ignored="0" hostname="CL-NB-716" failures="1" tests="8" name="Pruebas Selenium Daniela Bascuñan" time="196.66" errors="0" timestamp="02 jul. 2021 03:24:54 GMT">
  <testcase classname="tests.Tests" name="CP_01_ValidarIngresoLoginFallido" time="8.158"/>
  <testcase classname="tests.Tests" name="CP_02_Validar_Registro_Usuario" time="34.812">
    <failure type="org.openqa.selenium.TimeoutException" message="Expected condition failed: waiting for presence of element located by: By.id: name (tried for 30 second(s) with 500 milliseconds interval)">
      <![CDATA[org.openqa.selenium.TimeoutException: Expected condition failed: waiting for presence of element located by: By.id: name (tried for 30 second(s) with 500 milliseconds interval)
at org.openqa.selenium.support.ui.WebDriverWait.timeoutException(WebDriverWait.java:95)
at org.openqa.selenium.support.ui.FluentWait.until(FluentWait.java:272)
at utilidades.ClaseBase.esperaExplicita(ClaseBase.java:144)
at pages.FormularioRegistroPage.registroFormulario(FormularioRegistroPage.java:20)
at tests.Tests.CP_02_Validar_Registro_Usuario(Tests.java:89)
Caused by: org.openqa.selenium.NoSuchElementException: Unable to locate element: #name
For documentation on this error, please visit: https://www.seleniumhq.org/exceptions/no_such_element.html
Build info: version: '3.141.59', revision: 'e82be7d358', time: '2018-11-14T08:17:03'
System info: host: 'CL-NB-716', ip: '10.208.164.104', os.name: 'Windows 10', os.arch: 'amd64', os.version: '10.0', java.version: '15.0.2'
Driver info: org.openqa.selenium.firefox.FirefoxDriver
Capabilities {acceptInsecureCerts: true, browserName: firefox, browserVersion: 89.0.2, javascriptEnabled: true, moz:accessibilityChecks: false, moz:buildID: 20210622155641, moz:geckodriverVersion: 0.29.1, moz:headless: false, moz:processID: 16208, moz:profile: C:\Users\Daniela.Bascunan\A..., moz:shutdownTimeout: 60000, moz:useNonSpecCompliantPointerOrigin: false, moz:webdriverClick: true, pageLoadStrategy: normal, platform: WINDOWS, platformName: WINDOWS, platformVersion: 10.0, setWindowRect: true, strictFileInteractability: false, timeouts: {implicit: 0, pageLoad: 300000, script: 30000}, unhandledPromptBehavior: dismiss and notify}
Session ID: d8accc1f-e193-429c-b367-36aa71744284
*** Element info: {Using=id, value=name}
at org.openqa.selenium.remote.http.W3CHttpResponseCodec.createException(W3CHttpResponseCodec.java:187)
at org.openqa.selenium.remote.http.W3CHttpResponseCodec.decode(W3CHttpResponseCodec.java:122)
at org.openqa.selenium.remote.http.W3CHttpResponseCodec.decode(W3CHttpResponseCodec.java:49)
at org.openqa.selenium.remote.HttpCommandExecutor.execute(HttpCommandExecutor.java:158)
at org.openqa.selenium.remote.service.DriverCommandExecutor.execute(DriverCommandExecutor.java:83)
at org.openqa.selenium.remote.RemoteWebDriver.execute(RemoteWebDriver.java:552)
at org.openqa.selenium.remote.RemoteWebDriver.findElement(RemoteWebDriver.java:323)
at org.openqa.selenium.remote.RemoteWebDriver.findElementById(RemoteWebDriver.java:372)
at org.openqa.selenium.By$ById.findElement(By.java:188)
at org.openqa.selenium.remote.RemoteWebDriver.findElement(RemoteWebDriver.java:315)
at org.openqa.selenium.support.ui.ExpectedConditions$6.apply(ExpectedConditions.java:182)
at org.openqa.selenium.support.ui.ExpectedConditions$6.apply(ExpectedConditions.java:179)
at org.openqa.selenium.support.ui.FluentWait.until(FluentWait.java:249)
... 28 more
... Removed 29 stack frames]]>
    </failure>
  </testcase> <!-- CP_02_Validar_Registro_Usuario -->
  <testcase classname="tests.Tests" name="CP_03_Validar_Registro_Usuario_Existente" time="6.951"/>
  <testcase classname="tests.Tests" name="CP_04_Validar_LoginExitoso" time="10.184"/>
  <testcase classname="tests.Tests" name="CP_05_Validar_Cierre_Sesion" time="13.761"/>
  <testcase classname="tests.Tests" name="CP_06_Buscar_Productos" time="17.629"/>
  <testcase classname="tests.Tests" name="CP_07_Buscar_Producto_Agregar_a_Carrito" time="24.228"/>
  <testcase classname="tests.Tests" name="CP_08_Eliminar_Item_Carrito_Compras" time="29.365"/>
</testsuite> <!-- Pruebas Selenium Daniela Bascuñan -->
